<?xml version="1.0" encoding="UTF-8"?>
<!-- Generated by org.testng.reporters.JUnitReportReporter -->
<testsuite hostname="WPU5CD01060Z4LW" failures="0" tests="1" name="ecommerce.ecommerce.test.Logintest" time="12.048" errors="0" timestamp="2022-03-20T23:48:27 IST" skipped="0">
  <testcase classname="ecommerce.ecommerce.test.Logintest" name="validateLogin" time="12.048"/>
  <system-out/>
</testsuite> <!-- ecommerce.ecommerce.test.Logintest -->
